#######  Log open at 23-01-26  14:17:23 W. Europe Standard Time +0100 #######
23-01-26  14:17:23	D:\Agents\1\_work\662\s\DpManager\DpManagerRWI.cpp,627,[INFO]:	Current RWI versionName: '1.8.1'
23-01-26  14:17:23	D:\Agents\1\_work\662\s\DpManager\DpManagerRWI.cpp,638,[INFO]:	Current RWI version detail '1.8.1+31'
23-01-26  14:17:23	D:\Agents\1\_work\662\s\Startup\Startup.cpp,775,[INFO]:	Current RWI: 1.8.1+31, 1.8.1
23-01-26  14:17:23	D:\Agents\1\_work\536\s\ControllerProperties\ControllerProperties.cpp,172,[WARN]:	Previous controller properties file is not present or cannot be loaded.
23-01-26  14:17:23	D:\Agents\1\_work\662\s\Startup\Startup.cpp,792,[INFO]:	Controller Id: 
23-01-26  14:17:23	D:\Agents\1\_work\536\s\ControllerProperties\ControllerProperties.cpp,875,[WARN]:	ControllerProperties::GetProperty could not find: controller_name
23-01-26  14:17:23	D:\Agents\1\_work\662\s\Startup\Startup.cpp,794,[INFO]:	Controller Name: 
23-01-26  14:17:23	D:\Agents\1\_work\662\s\DpManager\DpManagerSysInstall.cpp,858,[INFO]:	Starting SystemInstallImp::InitInstallation()...
23-01-26  14:17:23	D:\Agents\1\_work\662\s\DpManager\DpManagerSystemCommon.cpp,1295,[INFO]:	Package version check for HW Platform completed. No problem found. current HWPlatform: vc, required pkg ver = 1 
23-01-26  14:17:23	D:\Agents\1\_work\662\s\DpManager\DpManagerSysInstall.cpp,710,[INFO]:	Installation type 3, m_ctrl = '', rootPath = C:\Users\saral\AppData\Local\Temp\tmp8F66.tmp\VIRTUAL_CTRL_15000-100072, systemPath = 'C:\Users\saral\AppData\Local\Temp\tmp8F66.tmp\VIRTUAL_CTRL_15000-100072/Systems/VIRTUAL_CTRL_15000-100072'.
23-01-26  14:17:23	D:\Agents\1\_work\662\s\LicenseManager\LicenseManager.cpp,687,[INFO]:	Validate file '15000-100072.rlf'
23-01-26  14:17:23	D:\Agents\1\_work\662\s\LicenseManager\LicenseManager.cpp,687,[INFO]:	Validate file '15000-100072_RobotControl.rlf'
23-01-26  14:17:23	D:\Agents\1\_work\662\s\DpManager\DpManagerSystemCommon.cpp,991,[INFO]:	Reading content in file path 'C:\Users\saral\AppData\Local\Temp\tmp8F66.tmp\VIRTUAL_CTRL_15000-100072/Systems/VIRTUAL_CTRL_15000-100072/controller.rsf'.
23-01-26  14:17:23	D:\Agents\1\_work\662\s\DpManager\DpManagerSysInstall.cpp,1855,[INFO]:	Path = 'C:\Users\saral\AppData\Local\Temp\tmp8F66.tmp\VIRTUAL_CTRL_15000-100072/Products/abb.robotics.robotcontrol', manifestfile = 'abb.robotics.robotcontrol.rmf'.
23-01-26  14:17:23	D:\Agents\1\_work\662\s\DpManager\DpManagerSysInstall.cpp,1855,[INFO]:	Path = 'C:\Users\saral\AppData\Local\Temp\tmp8F66.tmp\VIRTUAL_CTRL_15000-100072/Products/abb.robotics.robotos', manifestfile = 'abb.robotics.robotos.rmf'.
23-01-26  14:17:23	D:\Agents\1\_work\662\s\DpManager\DpManagerSysInstall.cpp,1855,[INFO]:	Path = 'C:\Users\saral\AppData\Local\Temp\tmp8F66.tmp\VIRTUAL_CTRL_15000-100072/Products/abb.robotics.robots', manifestfile = 'abb.robotics.robots.rmf'.
23-01-26  14:17:23	D:\Agents\1\_work\662\s\DpManager\DpManagerSysInstall.cpp,1855,[INFO]:	Path = 'C:\Users\saral\AppData\Local\Temp\tmp8F66.tmp\VIRTUAL_CTRL_15000-100072/Products/abb.robotics.asi', manifestfile = 'abb.robotics.asi_1.0.6.rmf'.
23-01-26  14:17:23	D:\Agents\1\_work\662\s\DpManager\DpManagerSysInstall.cpp,1855,[INFO]:	Path = 'C:\Users\saral\AppData\Local\Temp\tmp8F66.tmp\VIRTUAL_CTRL_15000-100072/Products/abb.cn.robotics.wizard', manifestfile = 'abb.cn.robotics.wizard_1.5.0.rmf'.
23-01-26  14:17:23	D:\Agents\1\_work\662\s\DpManager\DpManagerSystemCommon.cpp,746,[INFO]:	versionMin Major value: 7
23-01-26  14:17:23	D:\Agents\1\_work\662\s\DpManager\DpManagerSystemCommon.cpp,769,[INFO]:	New dependency: RobotOS, min:7.0.1, max:7.99999999.99999999.
23-01-26  14:17:23	D:\Agents\1\_work\662\s\DpManager\DpManagerSystemCommon.cpp,746,[INFO]:	versionMin Major value: 1
23-01-26  14:17:23	D:\Agents\1\_work\662\s\DpManager\DpManagerSystemCommon.cpp,769,[INFO]:	New dependency: RobotWareInstallationUtilities, min:1.8.1, max:1.99999999.99999999.
23-01-26  14:17:23	D:\Agents\1\_work\662\s\DpManager\DpManagerSystemCommon.cpp,746,[INFO]:	versionMin Major value: 1
23-01-26  14:17:23	D:\Agents\1\_work\662\s\DpManager\DpManagerSystemCommon.cpp,769,[INFO]:	New dependency: RobotWareInstallationUtilities, min:1.8.1, max:1.99999999.99999999.
23-01-26  14:17:23	D:\Agents\1\_work\662\s\DpManager\DpManagerSystemCommon.cpp,700,[INFO]:	Using default hwplatform for AddIns: '*'.
23-01-26  14:17:23	D:\Agents\1\_work\662\s\DpManager\DpManagerSystemCommon.cpp,746,[INFO]:	versionMin Major value: 7
23-01-26  14:17:23	D:\Agents\1\_work\662\s\DpManager\DpManagerSystemCommon.cpp,769,[INFO]:	New dependency: RobotControl, min:7.1.0-225.Internal, max:7.99999999.99999999.
23-01-26  14:17:23	D:\Agents\1\_work\662\s\DpManager\DpManagerSystemCommon.cpp,700,[INFO]:	Using default hwplatform for AddIns: '*'.
23-01-26  14:17:23	D:\Agents\1\_work\662\s\DpManager\DpManagerSystemCommon.cpp,746,[INFO]:	versionMin Major value: 1
23-01-26  14:17:23	D:\Agents\1\_work\662\s\DpManager\DpManagerSystemCommon.cpp,769,[INFO]:	New dependency: Robots, min:1.2.0-88.RC+0, max:3.2.0-88.RC+0.
23-01-26  14:17:23	D:\Agents\1\_work\662\s\DpManager\DpManagerSystemCommon.cpp,746,[INFO]:	versionMin Major value: 7
23-01-26  14:17:23	D:\Agents\1\_work\662\s\DpManager\DpManagerSystemCommon.cpp,769,[INFO]:	New dependency: RobotControl, min:7.1.0+302, max:9.1.0+302.
23-01-26  14:17:23	D:\Agents\1\_work\662\s\DpManager\DpManagerSystemCommon.cpp,700,[INFO]:	Using default hwplatform for AddIns: '*'.
23-01-26  14:17:23	D:\Agents\1\_work\662\s\DpManager\DpManagerSystemCommon.cpp,715,[INFO]:	No <Dependecy> found in product 'Wizard' in file 'abb.cn.robotics.wizard_1.5.0.rmf'.
23-01-26  14:17:23	D:\Agents\1\_work\662\s\DpManager\DpManagerUtility.cpp,700,[INFO]:	Validate manifest 'C:\Users\saral\AppData\Local\Temp\tmp8F66.tmp\VIRTUAL_CTRL_15000-100072/Products/abb.robotics.robotcontrol/abb.robotics.robotcontrol.rmf'
23-01-26  14:17:23	D:\Agents\1\_work\662\s\DpManager\DpManagerUtility.cpp,763,[INFO]:	Validate all .rpk files.
23-01-26  14:17:24	D:\Agents\1\_work\662\s\DpManager\DpManagerUtility.cpp,700,[INFO]:	Validate manifest 'C:\Users\saral\AppData\Local\Temp\tmp8F66.tmp\VIRTUAL_CTRL_15000-100072/Products/abb.robotics.robotos/abb.robotics.robotos.rmf'
23-01-26  14:17:24	D:\Agents\1\_work\662\s\DpManager\DpManagerUtility.cpp,763,[INFO]:	Validate all .rpk files.
23-01-26  14:17:24	D:\Agents\1\_work\662\s\DpManager\DpManagerUtility.cpp,700,[INFO]:	Validate manifest 'C:\Users\saral\AppData\Local\Temp\tmp8F66.tmp\VIRTUAL_CTRL_15000-100072/Products/abb.robotics.robots/abb.robotics.robots.rmf'
23-01-26  14:17:24	D:\Agents\1\_work\662\s\DpManager\DpManagerUtility.cpp,763,[INFO]:	Validate all .rpk files.
23-01-26  14:17:24	D:\Agents\1\_work\662\s\DpManager\DpManagerUtility.cpp,700,[INFO]:	Validate manifest 'C:\Users\saral\AppData\Local\Temp\tmp8F66.tmp\VIRTUAL_CTRL_15000-100072/Products/abb.robotics.asi/abb.robotics.asi_1.0.6.rmf'
23-01-26  14:17:24	D:\Agents\1\_work\662\s\DpManager\DpManagerUtility.cpp,741,[WARN]:	Untrusted root certificate C:\Users\saral\AppData\Local\Temp\tmp8F66.tmp\VIRTUAL_CTRL_15000-100072/Products/abb.robotics.asi/abb.robotics.asi_1.0.6.rmf
23-01-26  14:17:24	D:\Agents\1\_work\662\s\DpManager\DpManagerUtility.cpp,763,[INFO]:	Validate all .rpk files.
23-01-26  14:17:24	D:\Agents\1\_work\662\s\DpManager\DpManagerUtility.cpp,700,[INFO]:	Validate manifest 'C:\Users\saral\AppData\Local\Temp\tmp8F66.tmp\VIRTUAL_CTRL_15000-100072/Products/abb.cn.robotics.wizard/abb.cn.robotics.wizard_1.5.0.rmf'
23-01-26  14:17:24	D:\Agents\1\_work\662\s\DpManager\DpManagerUtility.cpp,763,[INFO]:	Validate all .rpk files.
23-01-26  14:17:24	D:\Agents\1\_work\662\s\DpManager\DpManagerRWI.cpp,627,[INFO]:	Current RWI versionName: '1.8.1'
23-01-26  14:17:24	D:\Agents\1\_work\662\s\DpManager\DpManagerRWI.cpp,638,[INFO]:	Current RWI version detail '1.8.1+31'
23-01-26  14:17:24	D:\Agents\1\_work\662\s\DpManager\DpManagerRWI.cpp,627,[INFO]:	Current RWI versionName: '1.8.1'
23-01-26  14:17:24	D:\Agents\1\_work\662\s\DpManager\DpManagerRWI.cpp,638,[INFO]:	Current RWI version detail '1.8.1+31'
23-01-26  14:17:24	D:\Agents\1\_work\662\s\DpManager\DpManagerSystemCommon.cpp,1226,[INFO]:	Product HW platform compatibility check done.
23-01-26  14:17:24	D:\Agents\1\_work\662\s\DpManager\DpManagerSystemCommon.cpp,161,[INFO]:	Starting resolve dependencies. Current platform is 'vc', nr of products is 5.
23-01-26  14:17:24	D:\Agents\1\_work\662\s\DpManager\DpManagerSystemCommon.cpp,209,[INFO]:	Added RobotOS, version '7.0.1+0'. Number of products left is 4.
23-01-26  14:17:24	D:\Agents\1\_work\662\s\DpManager\DpManagerSystemCommon.cpp,249,[INFO]:	Dependency check to RobotOS.
23-01-26  14:17:24	D:\Agents\1\_work\662\s\DpManager\DpManagerSystemCommon.cpp,324,[INFO]:	Add product RobotControl. Nr of products left is 3.
23-01-26  14:17:24	D:\Agents\1\_work\662\s\DpManager\DpManagerSystemCommon.cpp,335,[INFO]:	Add all products that have only one dependency and it is RobotControl.
23-01-26  14:17:24	D:\Agents\1\_work\662\s\DpManager\DpManagerSystemCommon.cpp,352,[INFO]:	Only dependency on RobotControl. Add product 'Robots' to the sorted List.
23-01-26  14:17:24	D:\Agents\1\_work\662\s\DpManager\DpManagerSystemCommon.cpp,370,[INFO]:	Check dependency loop 0 starts, nr of products to solve dependency is 2.
23-01-26  14:17:24	D:\Agents\1\_work\662\s\DpManager\DpManagerSystemCommon.cpp,425,[INFO]:	Add product 'Wizard' to the sorted List.
23-01-26  14:17:24	D:\Agents\1\_work\662\s\DpManager\DpManagerSystemCommon.cpp,425,[INFO]:	Add product 'ASI' to the sorted List.
23-01-26  14:17:24	D:\Agents\1\_work\662\s\DpManager\DpManagerSystemCommon.cpp,365,[INFO]:	No more products left to check dependency.
23-01-26  14:17:24	D:\Agents\1\_work\662\s\DpManager\DpManagerSystemCommon.cpp,472,[INFO]:	Done resolving dependencies, status = 0.
23-01-26  14:17:24	D:\Agents\1\_work\662\s\DpManager\DpManagerSysInstall.cpp,1092,[INFO]:	Product root dir path 'C:/Users/saral/AppData/Local/ABB/RobotWare'.
23-01-26  14:17:24	D:\Agents\1\_work\662\s\DpManager\DpManagerSysInstall.cpp,1113,[INFO]:	Install product 'RobotOS' to 'C:/Users/saral/AppData/Local/ABB/RobotWare/RobotOS_7.0.1'.
23-01-26  14:17:24	D:\Agents\1\_work\662\s\DpManager\DpManagerSysInstall.cpp,1129,[INFO]:	Product 'RobotOS' is already installed.
23-01-26  14:17:24	D:\Agents\1\_work\662\s\DpManager\DpManagerSysInstall.cpp,1113,[INFO]:	Install product 'RobotControl' to 'C:/Users/saral/AppData/Local/ABB/RobotWare/RobotControl_7.8.0'.
23-01-26  14:17:24	D:\Agents\1\_work\662\s\DpManager\DpManagerSysInstall.cpp,1129,[INFO]:	Product 'RobotControl' is already installed.
23-01-26  14:17:24	D:\Agents\1\_work\662\s\DpManager\DpManagerSysInstall.cpp,1113,[INFO]:	Install product 'Robots' to 'C:/Users/saral/AppData/Local/ABB/RobotWare/Robots_1.8.0'.
23-01-26  14:17:24	D:\Agents\1\_work\662\s\DpManager\DpManagerSysInstall.cpp,1129,[INFO]:	Product 'Robots' is already installed.
23-01-26  14:17:24	D:\Agents\1\_work\662\s\DpManager\DpManagerSysInstall.cpp,1113,[INFO]:	Install product 'Wizard' to 'C:/Users/saral/AppData/Local/ABB/RobotWare/Wizard_1.5.0'.
23-01-26  14:17:24	D:\Agents\1\_work\662\s\DpManager\DpManagerUtility.cpp,910,[INFO]:	Getting all rpk packages from 'C:\Users\saral\AppData\Local\Temp\tmp8F66.tmp\VIRTUAL_CTRL_15000-100072/Products/abb.cn.robotics.wizard/abb.cn.robotics.wizard_1.5.0.rmf'
23-01-26  14:17:24	D:\Agents\1\_work\662\s\DpManager\DpManagerUtility.cpp,931,[INFO]:	Adding rpk with correct platform to Rpk List. Packages: 1.
23-01-26  14:17:24	D:\Agents\1\_work\662\s\DpManager\DpManagerUtility.cpp,959,[INFO]:	Number of rpk packages in 'C:\Users\saral\AppData\Local\Temp\tmp8F66.tmp\VIRTUAL_CTRL_15000-100072/Products/abb.cn.robotics.wizard/abb.cn.robotics.wizard_1.5.0.rmf' is 1, unpack to destination 'C:/Users/saral/AppData/Local/ABB/RobotWare/Wizard_1.5.0'. 
23-01-26  14:17:24	D:\Agents\1\_work\662\s\DpManager\DpManagerSysInstall.cpp,1407,[INFO]:	Product 4 of 5 'Wizard', package 1 of 1.
23-01-26  14:17:25	D:\Agents\1\_work\662\s\RWCompression\unrpk.cpp,211,[INFO]:	Unpack file 'C:\Users\saral\AppData\Local\Temp\tmp8F66.tmp\VIRTUAL_CTRL_15000-100072/Products/abb.cn.robotics.wizard/abb.cn.robotics.wizard_1.5.0.rpk' to 'C:/Users/saral/AppData/Local/ABB/RobotWare/Wizard_1.5.0', nr of payloads 1, status = 0
23-01-26  14:17:25	D:\Agents\1\_work\662\s\DpManager\DpManagerSysInstall.cpp,1113,[INFO]:	Install product 'ASI' to 'C:/Users/saral/AppData/Local/ABB/RobotWare/ASI_1.0.6'.
23-01-26  14:17:25	D:\Agents\1\_work\662\s\DpManager\DpManagerUtility.cpp,910,[INFO]:	Getting all rpk packages from 'C:\Users\saral\AppData\Local\Temp\tmp8F66.tmp\VIRTUAL_CTRL_15000-100072/Products/abb.robotics.asi/abb.robotics.asi_1.0.6.rmf'
23-01-26  14:17:25	D:\Agents\1\_work\662\s\DpManager\DpManagerUtility.cpp,931,[INFO]:	Adding rpk with correct platform to Rpk List. Packages: 1.
23-01-26  14:17:25	D:\Agents\1\_work\662\s\DpManager\DpManagerUtility.cpp,959,[INFO]:	Number of rpk packages in 'C:\Users\saral\AppData\Local\Temp\tmp8F66.tmp\VIRTUAL_CTRL_15000-100072/Products/abb.robotics.asi/abb.robotics.asi_1.0.6.rmf' is 1, unpack to destination 'C:/Users/saral/AppData/Local/ABB/RobotWare/ASI_1.0.6'. 
23-01-26  14:17:25	D:\Agents\1\_work\662\s\DpManager\DpManagerSysInstall.cpp,1407,[INFO]:	Product 5 of 5 'ASI', package 1 of 1.
23-01-26  14:17:25	D:\Agents\1\_work\662\s\RWCompression\unrpk.cpp,211,[INFO]:	Unpack file 'C:\Users\saral\AppData\Local\Temp\tmp8F66.tmp\VIRTUAL_CTRL_15000-100072/Products/abb.robotics.asi/abb.robotics.asi_1.0.6.rpk' to 'C:/Users/saral/AppData/Local/ABB/RobotWare/ASI_1.0.6', nr of payloads 1, status = 0
23-01-26  14:17:25	D:\Agents\1\_work\662\s\DpManager\DpManagerSysInstall.cpp,1892,[INFO]:	Write return message to file 'C:/Users/saral/OneDrive/Documents/RobotStudio/Virtual Controllers/VIRTUAL_CTRL_15000-100072/internal/inbox/message'.
23-01-26  14:17:25	D:\Agents\1\_work\662\s\DpManager\DpManagerUtility.cpp,1461,[INFO]:	Get boot info for 'VC' platform...
23-01-26  14:17:25	D:\Agents\1\_work\662\s\DpManager\DpManagerUtility.cpp,1415,[INFO]:	Got '/VCImage' from the common section: S27.01/bin/s27.01.dll.
23-01-26  14:17:25	D:\Agents\1\_work\662\s\DpManager\DpManagerSystemCommon.cpp,1696,[INFO]:	S27 OS image path from boot info: C:/Users/saral/AppData/Local/ABB/RobotWare/RobotOS_7.0.1/S27.01/bin/s27.01.dll.
23-01-26  14:17:25	D:\Agents\1\_work\662\s\DpManager\DpManagerSysInstall.cpp,1345,[INFO]:	Installation has been finished, status = 0.
23-01-26  14:17:25	D:\Agents\1\_work\662\s\DpManager\DpManagerSysInstall.cpp,1346,[INFO]:	Clean up the temporary files.
23-01-26  14:17:25	D:\Agents\1\_work\662\s\VCInstaller\VCInstaller.cpp,575,[INFO]:	No HW settings file used.
