*** PF INFO ***
Time     : Thu Jan 26 14:17:30 2023
System   : C:/Users/saral/OneDrive/Documents/RobotStudio/Virtual Controllers/VIRTUAL_CTRL_15000-100072
RobotWare: 7.8.0
RobotControl: 7.8.0
Shutdown type: 1 mode: 1 reason: 1 
Image lost in previous shutdown: no
CFG counter value  :  7304
Unfinished crit sec:  0

*** PF INFO ***
Time     : Thu Jan 26 14:17:48 2023
System   : C:/Users/saral/OneDrive/Documents/RobotStudio/Virtual Controllers/VIRTUAL_CTRL_15000-100072
RobotWare: 7.8.0
RobotControl: 7.8.0
Shutdown type: 1 mode: 1 reason: 1 
Image lost in previous shutdown: no
CFG counter value  :  8068
Unfinished crit sec:  0

*** PF INFO ***
Time     : Thu Jan 26 14:18:11 2023
System   : C:/Users/saral/OneDrive/Documents/RobotStudio/Virtual Controllers/VIRTUAL_CTRL_15000-100072
RobotWare: 7.8.0
RobotControl: 7.8.0
Shutdown type: 1 mode: 1 reason: 1 
Image lost in previous shutdown: no
CFG counter value  :  8174
Unfinished crit sec:  0

*** PF INFO ***
Time     : Thu Jan 26 15:05:22 2023
System   : C:/Users/saral/OneDrive/Documents/RobotStudio/Virtual Controllers/VIRTUAL_CTRL_15000-100072
RobotWare: 7.8.0
RobotControl: 7.8.0
Shutdown type: 1 mode: 1 reason: 1 
Image lost in previous shutdown: no
CFG counter value  :  8286
Unfinished crit sec:  0

*** PF INFO ***
Time     : Thu Jan 26 15:44:53 2023
System   : C:/Users/saral/OneDrive/Documents/RobotStudio/Virtual Controllers/VIRTUAL_CTRL_15000-100072
RobotWare: 7.8.0
RobotControl: 7.8.0
Shutdown type: 1 mode: 1 reason: 1 
Image lost in previous shutdown: no
CFG counter value  :  8395
Unfinished crit sec:  0

*** PF INFO ***
Time     : Fri Jan 27 11:21:09 2023
System   : C:/Users/saral/OneDrive/Documents/RobotStudio/Virtual Controllers/VIRTUAL_CTRL_15000-100072
RobotWare: 7.8.0
RobotControl: 7.8.0
Shutdown type: 1 mode: 1 reason: 1 
Image lost in previous shutdown: no
CFG counter value  :  8504
Unfinished crit sec:  0

*** PF INFO ***
Time     : Mon Jan 30 18:50:42 2023
System   : C:/Users/saral/OneDrive/Documents/RobotStudio/Virtual Controllers/VIRTUAL_CTRL_15000-100072
RobotWare: 7.8.0
RobotControl: 7.8.0
Shutdown type: 1 mode: 1 reason: 1 
Image lost in previous shutdown: no
CFG counter value  :  8613
Unfinished crit sec:  0

*** PF INFO ***
Time     : Mon Jan 30 18:53:25 2023
System   : C:/Users/saral/OneDrive/Documents/RobotStudio/Virtual Controllers/VIRTUAL_CTRL_15000-100072
RobotWare: 7.8.0
RobotControl: 7.8.0
Shutdown type: 1 mode: 1 reason: 1 
Image lost in previous shutdown: no
CFG counter value  :  8722
Unfinished crit sec:  0

*** PF INFO ***
Time     : Mon Feb 20 14:12:50 2023
System   : C:/Users/saral/OneDrive/Documents/RobotStudio/Virtual Controllers/VIRTUAL_CTRL_15000-100072
RobotWare: 7.8.0
RobotControl: 7.8.0
Shutdown type: 1 mode: 1 reason: 1 
Image lost in previous shutdown: no
CFG counter value  :  8831
Unfinished crit sec:  0

