<9>Jan 26 14:17:30 VIRTUAL_CTRL_15000-100072 ABB-UAL:01:Security log file deleted by user|-|syslog.log not found|3420|00001|-|robot|syslog	1
<13>Jan 26 14:17:32 VIRTUAL_CTRL_15000-100072 ABB-UAL:01:Log-in successful|-|UAS_UID=65537|1110|00002|-|robot|NativeUser	2
<13>Jan 26 14:17:33 VIRTUAL_CTRL_15000-100072 ABB-UAL:01:Log-in successful|-|UAS_UID=131074|1110|00003|-|robot|NativeUser	3
<13>Jan 26 14:17:34 VIRTUAL_CTRL_15000-100072 ABB-UAL:01:Log-in successful|-|UAS_UID=196611|1110|00004|-|robot|NativeUser	4
<13>Jan 26 14:17:36 VIRTUAL_CTRL_15000-100072 ABB-UAL:01:Log-in successful|-|UAS_UID=262148|1110|00005|-|robot|NativeUser	5
<13>Jan 26 14:17:36 VIRTUAL_CTRL_15000-100072 ABB-UAL:01:Log-in successful|-|UAS_UID=327685|1110|00006|-|robot|NativeUser	6
<13>Jan 26 14:17:36 VIRTUAL_CTRL_15000-100072 ABB-UAL:01:Log-in successful|-|UAS_UID=393222|1110|00007|-|robot|NativeUser	7
<13>Jan 26 14:17:43 VIRTUAL_CTRL_15000-100072 ABB-UAL:01:Log-in successful|-|UAS_UID=458759|1110|00008|-|robot|Default User	8
<13>Jan 26 14:17:46 VIRTUAL_CTRL_15000-100072 ABB-UAL:01:Log-in successful|-|UAS_UID=524296|1110|00009|-|robot|Default User	9
<13>Jan 26 14:17:47 VIRTUAL_CTRL_15000-100072 ABB-UAL:01:Configuration upload|-|Start restore|1331|00010|-|robot|458759	10
<13>Jan 26 14:17:52 VIRTUAL_CTRL_15000-100072 ABB-UAL:01:Log-in successful|-|UAS_UID=65537|1110|00011|-|robot|NativeUser	11
<13>Jan 26 14:17:52 VIRTUAL_CTRL_15000-100072 ABB-UAL:01:Log-in successful|-|UAS_UID=131074|1110|00012|-|robot|NativeUser	12
<13>Jan 26 14:17:53 VIRTUAL_CTRL_15000-100072 ABB-UAL:01:Log-in successful|-|UAS_UID=196611|1110|00013|-|robot|NativeUser	13
<13>Jan 26 14:17:58 VIRTUAL_CTRL_15000-100072 ABB-UAL:01:Log-in successful|-|UAS_UID=262148|1110|00014|-|robot|NativeUser	14
<13>Jan 26 14:17:58 VIRTUAL_CTRL_15000-100072 ABB-UAL:01:Log-in successful|-|UAS_UID=327685|1110|00015|-|robot|NativeUser	15
<13>Jan 26 14:17:58 VIRTUAL_CTRL_15000-100072 ABB-UAL:01:Log-in successful|-|UAS_UID=393222|1110|00016|-|robot|NativeUser	16
<13>Jan 26 14:18:03 VIRTUAL_CTRL_15000-100072 ABB-UAL:01:Log-in successful|-|UAS_UID=458759|1110|00017|-|robot|Default User	17
<13>Jan 26 14:18:05 VIRTUAL_CTRL_15000-100072 ABB-UAL:01:Log-in successful|-|UAS_UID=524296|1110|00018|-|robot|Default User	18
<13>Jan 26 14:18:10 VIRTUAL_CTRL_15000-100072 ABB-UAL:01:Log-out (user logged out)|-|UAS_UID=524296|1210|00019|-|robot|	19
<13>Jan 26 14:18:10 VIRTUAL_CTRL_15000-100072 ABB-UAL:01:Log-out (user logged out)|-|UAS_UID=458759|1210|00020|-|robot|	20
<13>Jan 26 14:18:10 VIRTUAL_CTRL_15000-100072 ABB-UAL:01:Log-out (user logged out)|-|Socket=7492|1210|00021|-|robot|	21
<13>Jan 26 14:18:20 VIRTUAL_CTRL_15000-100072 ABB-UAL:01:Log-in successful|-|UAS_UID=65537|1110|00022|-|robot|NativeUser	22
<13>Jan 26 14:18:21 VIRTUAL_CTRL_15000-100072 ABB-UAL:01:Log-in successful|-|UAS_UID=131074|1110|00023|-|robot|NativeUser	23
<13>Jan 26 14:18:21 VIRTUAL_CTRL_15000-100072 ABB-UAL:01:Log-in successful|-|UAS_UID=196611|1110|00024|-|robot|NativeUser	24
<13>Jan 26 14:18:21 VIRTUAL_CTRL_15000-100072 ABB-UAL:01:Log-in successful|-|UAS_UID=262148|1110|00025|-|robot|NativeUser	25
<13>Jan 26 14:18:21 VIRTUAL_CTRL_15000-100072 ABB-UAL:01:Log-in successful|-|UAS_UID=327685|1110|00026|-|robot|NativeUser	26
<13>Jan 26 14:18:21 VIRTUAL_CTRL_15000-100072 ABB-UAL:01:Log-in successful|-|UAS_UID=393222|1110|00027|-|robot|NativeUser	27
<13>Jan 26 14:18:24 VIRTUAL_CTRL_15000-100072 ABB-UAL:01:Log-in successful|-|UAS_UID=458759|1110|00028|-|robot|Admin	28
<13>Jan 26 14:18:33 VIRTUAL_CTRL_15000-100072 ABB-UAL:01:Log-in successful|-|UAS_UID=524296|1110|00029|-|robot|Admin	29
<13>Jan 26 14:19:20 VIRTUAL_CTRL_15000-100072 ABB-UAL:01:Log-in successful|-|UAS_UID=589833|1110|00030|-|robot|NativeUser	30
<13>Jan 26 14:22:41 VIRTUAL_CTRL_15000-100072 ABB-UAL:01:Log-in successful|-|UAS_UID=655370|1110|00031|-|robot|Default User	31
<13>Jan 26 14:22:41 VIRTUAL_CTRL_15000-100072 ABB-UAL:01:Log-in successful|-|UAS_UID=720907|1110|00032|-|robot|Default User	32
<13>Jan 26 15:05:21 VIRTUAL_CTRL_15000-100072 ABB-UAL:01:Log-out (user logged out)|-|UAS_UID=720907|1210|00033|-|robot|	33
<13>Jan 26 15:05:21 VIRTUAL_CTRL_15000-100072 ABB-UAL:01:Log-out (user logged out)|-|Socket=684|1210|00034|-|robot|	34
<13>Jan 26 15:05:21 VIRTUAL_CTRL_15000-100072 ABB-UAL:01:Log-out (user logged out)|-|UAS_UID=524296|1210|00035|-|robot|	35
<13>Jan 26 15:05:22 VIRTUAL_CTRL_15000-100072 ABB-UAL:01:Log-out (user logged out)|-|UAS_UID=458759|1210|00036|-|robot|	36
<13>Jan 26 15:05:22 VIRTUAL_CTRL_15000-100072 ABB-UAL:01:Log-out (user logged out)|-|Socket=7476|1210|00037|-|robot|	37
<13>Jan 26 15:06:31 VIRTUAL_CTRL_15000-100072 ABB-UAL:01:Log-in successful|-|UAS_UID=65537|1110|00038|-|robot|NativeUser	38
<13>Jan 26 15:06:32 VIRTUAL_CTRL_15000-100072 ABB-UAL:01:Log-in successful|-|UAS_UID=131074|1110|00039|-|robot|NativeUser	39
<13>Jan 26 15:06:32 VIRTUAL_CTRL_15000-100072 ABB-UAL:01:Log-in successful|-|UAS_UID=196611|1110|00040|-|robot|NativeUser	40
<13>Jan 26 15:06:32 VIRTUAL_CTRL_15000-100072 ABB-UAL:01:Log-in successful|-|UAS_UID=262148|1110|00041|-|robot|NativeUser	41
<13>Jan 26 15:06:32 VIRTUAL_CTRL_15000-100072 ABB-UAL:01:Log-in successful|-|UAS_UID=327685|1110|00042|-|robot|NativeUser	42
<13>Jan 26 15:06:32 VIRTUAL_CTRL_15000-100072 ABB-UAL:01:Log-in successful|-|UAS_UID=393222|1110|00043|-|robot|NativeUser	43
<13>Jan 26 15:06:35 VIRTUAL_CTRL_15000-100072 ABB-UAL:01:Log-in successful|-|UAS_UID=458759|1110|00044|-|robot|Admin	44
<13>Jan 26 15:06:44 VIRTUAL_CTRL_15000-100072 ABB-UAL:01:Log-in successful|-|UAS_UID=524296|1110|00045|-|robot|Admin	45
<13>Jan 26 15:36:25 VIRTUAL_CTRL_15000-100072 ABB-UAL:01:Log-in successful|-|UAS_UID=589833|1110|00046|-|robot|Default User	46
<13>Jan 26 15:36:25 VIRTUAL_CTRL_15000-100072 ABB-UAL:01:Log-in successful|-|UAS_UID=655370|1110|00047|-|robot|Default User	47
<13>Jan 26 15:44:52 VIRTUAL_CTRL_15000-100072 ABB-UAL:01:Log-out (user logged out)|-|UAS_UID=655370|1210|00048|-|robot|	48
<13>Jan 26 15:44:52 VIRTUAL_CTRL_15000-100072 ABB-UAL:01:Log-out (user logged out)|-|Socket=528|1210|00049|-|robot|	49
<13>Jan 26 15:44:53 VIRTUAL_CTRL_15000-100072 ABB-UAL:01:Log-out (user logged out)|-|UAS_UID=524296|1210|00050|-|robot|	50
<13>Jan 26 15:44:53 VIRTUAL_CTRL_15000-100072 ABB-UAL:01:Log-out (user logged out)|-|UAS_UID=458759|1210|00051|-|robot|	51
<13>Jan 26 15:44:53 VIRTUAL_CTRL_15000-100072 ABB-UAL:01:Log-out (user logged out)|-|Socket=6640|1210|00052|-|robot|	52
<13>Jan 27 10:16:38 VIRTUAL_CTRL_15000-100072 ABB-UAL:01:Log-in successful|-|UAS_UID=65537|1110|00053|-|robot|NativeUser	53
<13>Jan 27 10:16:38 VIRTUAL_CTRL_15000-100072 ABB-UAL:01:Log-in successful|-|UAS_UID=131074|1110|00054|-|robot|NativeUser	54
<13>Jan 27 10:16:39 VIRTUAL_CTRL_15000-100072 ABB-UAL:01:Log-in successful|-|UAS_UID=196611|1110|00055|-|robot|NativeUser	55
<13>Jan 27 10:16:39 VIRTUAL_CTRL_15000-100072 ABB-UAL:01:Log-in successful|-|UAS_UID=262148|1110|00056|-|robot|NativeUser	56
<13>Jan 27 10:16:39 VIRTUAL_CTRL_15000-100072 ABB-UAL:01:Log-in successful|-|UAS_UID=327685|1110|00057|-|robot|NativeUser	57
<13>Jan 27 10:16:39 VIRTUAL_CTRL_15000-100072 ABB-UAL:01:Log-in successful|-|UAS_UID=393222|1110|00058|-|robot|NativeUser	58
<13>Jan 27 10:16:42 VIRTUAL_CTRL_15000-100072 ABB-UAL:01:Log-in successful|-|UAS_UID=458759|1110|00059|-|robot|Admin	59
<13>Jan 27 10:16:51 VIRTUAL_CTRL_15000-100072 ABB-UAL:01:Log-in successful|-|UAS_UID=524296|1110|00060|-|robot|Admin	60
<13>Jan 27 11:21:03 VIRTUAL_CTRL_15000-100072 ABB-UAL:01:Log-out (user logged out)|-|UAS_UID=524296|1210|00061|-|robot|	61
<13>Jan 27 11:21:04 VIRTUAL_CTRL_15000-100072 ABB-UAL:01:Log-out (user logged out)|-|UAS_UID=458759|1210|00062|-|robot|	62
<13>Jan 27 11:21:04 VIRTUAL_CTRL_15000-100072 ABB-UAL:01:Log-out (user logged out)|-|Socket=7448|1210|00063|-|robot|	63
<13>Jan 30 16:02:23 VIRTUAL_CTRL_15000-100072 ABB-UAL:01:Log-in successful|-|UAS_UID=65537|1110|00064|-|robot|NativeUser	64
<13>Jan 30 16:02:24 VIRTUAL_CTRL_15000-100072 ABB-UAL:01:Log-in successful|-|UAS_UID=131074|1110|00065|-|robot|NativeUser	65
<13>Jan 30 16:02:24 VIRTUAL_CTRL_15000-100072 ABB-UAL:01:Log-in successful|-|UAS_UID=196611|1110|00066|-|robot|NativeUser	66
<13>Jan 30 16:02:24 VIRTUAL_CTRL_15000-100072 ABB-UAL:01:Log-in successful|-|UAS_UID=262148|1110|00067|-|robot|NativeUser	67
<13>Jan 30 16:02:24 VIRTUAL_CTRL_15000-100072 ABB-UAL:01:Log-in successful|-|UAS_UID=327685|1110|00068|-|robot|NativeUser	68
<13>Jan 30 16:02:24 VIRTUAL_CTRL_15000-100072 ABB-UAL:01:Log-in successful|-|UAS_UID=393222|1110|00069|-|robot|NativeUser	69
<13>Jan 30 16:02:28 VIRTUAL_CTRL_15000-100072 ABB-UAL:01:Log-in successful|-|UAS_UID=458759|1110|00070|-|robot|Admin	70
<13>Jan 30 16:02:36 VIRTUAL_CTRL_15000-100072 ABB-UAL:01:Log-in successful|-|UAS_UID=524296|1110|00071|-|robot|Admin	71
<13>Jan 30 18:50:41 VIRTUAL_CTRL_15000-100072 ABB-UAL:01:Log-out (user logged out)|-|UAS_UID=524296|1210|00072|-|robot|	72
<13>Jan 30 18:50:41 VIRTUAL_CTRL_15000-100072 ABB-UAL:01:Log-out (user logged out)|-|UAS_UID=458759|1210|00073|-|robot|	73
<13>Jan 30 18:50:41 VIRTUAL_CTRL_15000-100072 ABB-UAL:01:Log-out (user logged out)|-|Socket=7444|1210|00074|-|robot|	74
<13>Jan 30 18:52:28 VIRTUAL_CTRL_15000-100072 ABB-UAL:01:Log-in successful|-|UAS_UID=65537|1110|00075|-|robot|NativeUser	75
<13>Jan 30 18:52:28 VIRTUAL_CTRL_15000-100072 ABB-UAL:01:Log-in successful|-|UAS_UID=131074|1110|00076|-|robot|NativeUser	76
<13>Jan 30 18:52:29 VIRTUAL_CTRL_15000-100072 ABB-UAL:01:Log-in successful|-|UAS_UID=196611|1110|00077|-|robot|NativeUser	77
<13>Jan 30 18:52:29 VIRTUAL_CTRL_15000-100072 ABB-UAL:01:Log-in successful|-|UAS_UID=262148|1110|00078|-|robot|NativeUser	78
<13>Jan 30 18:52:29 VIRTUAL_CTRL_15000-100072 ABB-UAL:01:Log-in successful|-|UAS_UID=327685|1110|00079|-|robot|NativeUser	79
<13>Jan 30 18:52:29 VIRTUAL_CTRL_15000-100072 ABB-UAL:01:Log-in successful|-|UAS_UID=393222|1110|00080|-|robot|NativeUser	80
<13>Jan 30 18:52:32 VIRTUAL_CTRL_15000-100072 ABB-UAL:01:Log-in successful|-|UAS_UID=458759|1110|00081|-|robot|Admin	81
<13>Jan 30 18:52:40 VIRTUAL_CTRL_15000-100072 ABB-UAL:01:Log-in successful|-|UAS_UID=524296|1110|00082|-|robot|Admin	82
<13>Jan 30 18:53:25 VIRTUAL_CTRL_15000-100072 ABB-UAL:01:Log-out (user logged out)|-|UAS_UID=524296|1210|00083|-|robot|	83
<13>Jan 30 18:53:25 VIRTUAL_CTRL_15000-100072 ABB-UAL:01:Log-out (user logged out)|-|UAS_UID=458759|1210|00084|-|robot|	84
<13>Jan 30 18:53:25 VIRTUAL_CTRL_15000-100072 ABB-UAL:01:Log-out (user logged out)|-|Socket=7448|1210|00085|-|robot|	85
-----BEGIN DIGEST-----
bEWRa/vHKC6hIY/Bx1Cb0WAkLoZs09LBpjlyZlrcglWzeF0Xb0D10be7h9+RI9phJz1NLQ==
-----END DIGEST-----
